8M1     1 M08:00-08:50
9M1     1 M09:15-10:05
10M1    1 M10:15-11:05
11M1    1 M11:15-12:05
1M1     1 M13:40-14:30
2M1     1 M14:40-15:30
3M1     1 M15:40-16:30
8T1     1 T08:00-08:50
9T1     1 T09:15-10:05
10T1    1 T10:15-11:05
11T1    1 T11:15-12:05
12T1    1 T12:40-13:30
1T1     1 T13:40-14:30
2T1     1 T14:40-15:30
3T1     1 T15:40-16:30
8W1     1 W08:00-08:50
9W1     1 W09:15-10:05
10W1    1 W10:15-11:05
11W1    1 W11:15-12:05
1W1     1 W13:40-14:30
2W1     1 W14:40-15:30
3W1     1 W15:40-16:30
8R1     1 R08:00-08:50
9R1     1 R09:15-10:05
10R1    1 R10:15-11:05
11R1    1 R11:15-12:05
12R1    1 R12:40-13:30
1R1     1 R13:40-14:30
2R1     1 R14:40-15:30
3R1     1 R15:40-16:30
8F1     1 F08:00-08:50
9F1     1 F09:15-10:05
10F1    1 F10:15-11:05
11F1    1 F11:15-12:05
12F1    1 F12:40-13:30
1F1     1 F13:40-14:30
2F1     1 F14:40-15:30
3F1     1 F15:40-16:30
8M2     2 M08:00-09:50
9M2     2 M09:15-11:05
10M2    2 M10:15-12:05
1M2     2 M13:40-15:30
2M2     2 M14:40-16:30
8T2     2 T08:00-09:50
9T2     2 T09:15-11:05
10T2    2 T10:15-12:05
11T2    2 T11:15-13:05
12T2    2 T12:40-14:30
1T2     2 T13:40-15:30
2T2     2 T14:40-16:30
8W2     2 W08:00-09:50
9W2     2 W09:15-11:05
10W2    2 W10:15-12:05
1W2     2 W13:40-15:30
2W2     2 W14:40-16:30
8R2     2 R08:00-09:50
9R2     2 R09:15-11:05
10R2    2 R10:15-12:05
11R2    2 R11:15-13:05
12R2    2 R12:40-14:30
1R2     2 R13:40-15:30
2R2     2 R14:40-16:30
8F2     2 F08:00-09:50
9F2     2 F09:15-11:05
10F2    2 F10:15-12:05
11F2    2 F11:15-13:05
12F2    2 F12:40-14:30
1F2     2 F13:40-15:30
2F2     2 F14:40-16:30
8M2W    2 M08:00-08:50   W08:00-08:50
9M2W    2 M09:15-10:05   W09:15-10:05
AM2W    2 M10:15-11:05   W10:15-11:05
BM2W    2 M11:15-12:05   W11:15-12:05
1M2W    2 M13:40-14:30   W13:40-14:30
2M2W    2 M14:40-15:30   W14:40-15:30
3M2W    2 M15:40-16:30   W15:40-16:30
8M2R    2 M08:00-08:50   R08:00-08:50
9M2R    2 M09:15-10:05   R09:15-10:05
AM2R    2 M10:15-11:05   R10:15-11:05
BM2R    2 M11:15-12:05   R11:15-12:05
1M2R    2 M13:40-14:30   R13:40-14:30
2M2R    2 M14:40-15:30   R14:40-15:30
3M2R    2 M15:40-16:30   R15:40-16:30
8T2R    2 T08:00-08:50   R08:00-08:50
9T2R    2 T09:15-10:05   R09:15-10:05
AT2R    2 T10:15-11:05   R10:15-11:05
BT2R    2 T11:15-12:05   R11:15-12:05
CT2R    2 T12:40-13:30   R12:40-13:30
1T2R    2 T13:40-14:30   R13:40-14:30
2T2R    2 T14:40-15:30   R14:40-15:30
3T2R    2 T15:40-16:30   R15:40-16:30
8T2F    2 T08:00-08:50   F08:00-08:50
9T2F    2 T09:15-10:05   F09:15-10:05
AT2F    2 T10:15-11:05   F10:15-11:05
BT2F    2 T11:15-12:05   F11:15-12:05
CT2F    2 T12:40-13:30   F12:40-13:30
1T2F    2 T13:40-14:30   F13:40-14:30
2T2F    2 T14:40-15:30   F14:40-15:30
3T2F    2 T15:40-16:30   F15:40-16:30
8W2F    2 W08:00-08:50   F08:00-08:50
9W2F    2 W09:15-10:05   F09:15-10:05
AW2F    2 W10:15-11:05   F10:15-11:05
BW2F    2 W11:15-12:05   F11:15-12:05
1W2F    2 W13:40-14:30   F13:40-14:30
2W2F    2 W14:40-15:30   F14:40-15:30
3W2F    2 W15:40-16:30   F15:40-16:30
8M3     3 M08:00-10:50
9M3     3 M09:15-12:05
1M3     3 M13:40-16:30
8T3     3 T08:00-10:50
9T3     3 T09:15-12:05
10T3    3 T10:15-13:05
11T3    3 T11:25-14:15
12T3    3 T12:40-15:30
1T3     3 T13:40-16:30
8W3     3 W08:00-10:50
9W3     3 W09:15-12:05
1W3     3 W13:40-16:30
10R3    3 R10:15-13:05
11R3    3 R11:25-14:15
12R3    3 R12:40-15:30
1R3     3 R13:40-16:30
8F3     3 F08:00-10:50
9F3     3 F09:15-12:05
10F3    3 F10:15-13:05
11F3    3 F11:25-14:15
12F3    3 F12:40-15:30
1F3     3 F13:40-16:30
9MYW    3 M09:15-10:05   W08:15-10:05
AMZW    3 M10:15-12:05   W10:15-11:05
BMYW    3 M11:15-12:05   W10:15-12:05
1MYW    3 M13:40-14:30   W13:40-15:30
2MZW    3 M14:40-16:30   W15:40-16:30
8MYR    3 M08:15-09:05   R08:15-10:05
9MZR    3 M09:15-11:05   R10:15-11:05
AMYR    3 M10:15-11:05   R10:15-12:05
2MYR    3 M14:40-15:30   R14:40-16:30
9TYR    3 T09:15-10:05   R08:15-10:05
ATZR    3 T10:15-12:05   R10:15-11:05
BTYR    3 T11:15-12:05   R10:15-12:05
1TYR    3 T13:40-14:30   R13:40-15:30
2TZR    3 T14:40-16:30   R15:40-16:30
8TYF    3 T08:15-09:05   F08:15-10:05
9TZF    3 T09:15-11:05   F10:15-11:05
ATYF    3 T10:15-11:05   F10:15-12:05
2TYF    3 T14:40-15:30   F14:40-16:30
8M3W    3 M08:00-09:15   W08:00-09:15
9M3W    3 M09:25-10:40   W09:25-10:40
AM3W    3 M10:50-12:05   W10:50-12:05
1M3W    3 M13:40-14:55   W13:40-14:55
3M3W    3 M15:05-16:20   W15:05-16:20
8M3R    3 M08:00-09:15   R08:00-09:15
9M3R    3 M09:25-10:40   R09:25-10:40
AM3R    3 M10:50-12:05   R10:50-12:05
1M3R    3 M13:40-14:55   R13:40-14:55
3M3R    3 M15:05-16:20   R15:05-16:20
8M3F    3 M08:00-09:15   F08:00-09:15
9M3F    3 M09:25-10:40   F09:25-10:40
AM3F    3 M10:50-12:05   F10:50-12:05
1M3F    3 M13:40-14:55   F13:40-14:55
3M3F    3 M15:05-16:20   F15:05-16:20
8T3R    3 T08:00-09:15   R08:00-09:15
9T3R    3 T09:25-10:40   R09:25-10:40
AT3R    3 T10:50-12:05   R10:50-12:05
CT3R    3 T12:15-13:30   R12:15-13:30
1T3R    3 T13:40-14:55   R13:40-14:55
3T3R    3 T15:05-16:20   R15:05-16:20
8T3F    3 T08:00-09:15   F08:00-09:15
9T3F    3 T09:25-10:40   F09:25-10:40
AT3F    3 T10:50-12:05   F10:50-12:05
CT3F    3 T12:15-13:30   F12:15-13:30
1T3F    3 T13:40-14:55   F13:40-14:55
3T3F    3 T15:05-16:20   F15:05-16:20
8W3F    3 W08:00-09:15   F08:00-09:15
9W3F    3 W09:25-10:40   F09:25-10:40
AW3F    3 W10:50-12:05   F10:50-12:05
1W3F    3 W13:40-14:55   F13:40-14:55
3W3F    3 W15:05-16:20   F15:05-16:20
8M3B    3 M08:00-08:50   T08:00-08:50   R08:00-08:50
9M3B    3 M09:15-10:05   T09:15-10:05   R09:15-10:05
AM3B    3 M10:15-11:05   T10:15-11:05   R10:15-11:05
BM3B    3 M11:15-12:05   T11:15-12:05   R11:15-12:05
1M3B    3 M13:40-14:30   T13:40-14:30   R13:40-14:30
2M3B    3 M14:40-15:30   T14:40-15:30   R14:40-15:30
3M3B    3 M15:40-16:30   T15:40-16:30   R15:40-16:30
8M3C    3 M08:00-08:50   W08:00-08:50   R08:00-08:50
9M3C    3 M09:15-10:05   W09:15-10:05   R09:15-10:05
AM3C    3 M10:15-11:05   W10:15-11:05   R10:15-11:05
BM3C    3 M11:15-12:05   W11:15-12:05   R11:15-12:05
1M3C    3 M13:40-14:30   W13:40-14:30   R13:40-14:30
2M3C    3 M14:40-15:30   W14:40-15:30   R14:40-15:30
3M3C    3 M15:40-16:30   W15:40-16:30   R15:40-16:30
8T3D    3 T08:00-08:50   W08:00-08:50   F08:00-08:50
9T3D    3 T09:15-10:05   W09:15-10:05   F09:15-10:05
AT3D    3 T10:15-11:05   W10:15-11:05   F10:15-11:05
BT3D    3 T11:15-12:05   W11:15-12:05   F11:15-12:05
1T3D    3 T13:40-14:30   W13:40-14:30   F13:40-14:30
2T3D    3 T14:40-15:30   W14:40-15:30   F14:40-15:30
3T3D    3 T15:40-16:30   W15:40-16:30   F15:40-16:30
8T3E    3 T08:00-08:50   R08:00-08:50   F08:00-08:50
9T3E    3 T09:15-10:05   R09:15-10:05   F09:15-10:05
AT3E    3 T10:15-11:05   R10:15-11:05   F10:15-11:05
BT3E    3 T11:15-12:05   R11:15-12:05   F11:15-12:05
CT3E    3 T12:15-13:30   R12:15-13:30   F12:15-13:30
1T3E    3 T13:40-14:30   R13:40-14:30   F13:40-14:30
2T3E    3 T14:40-15:30   R14:40-15:30   F14:40-15:30
3T3E    3 T15:40-16:30   R15:40-16:30   F15:40-16:30
8M4     4 M08:15-12:05
8T4     4 T08:15-12:05
9T4     4 T09:15-13:05
10T4    4 T10:15-14:05
11T4    4 T11:15-15:05
12T4    4 T12:40-16:30
8R4     4 R08:15-12:05
9R4     4 R09:15-13:05
10R4    4 R10:15-14:05
11R4    4 R11:15-15:05
12R4    4 R12:40-16:30
8F4     4 F08:15-12:05
9F4     4 F09:15-13:05
10F4    4 F10:15-14:05
11F4    4 F11:15-15:05
12F4    4 F12:40-16:30
8M4W    4 M08:15-10:05   W08:15-10:05
9M4W    4 M09:15-11:05   W09:15-11:05
AM4W    4 M10:15-12:05   W10:15-12:05
1M4W    4 M13:40-15:30   W13:40-15:30
2M4W    4 M14:40-16:30   W14:40-16:30
8M4R    4 M08:15-10:05   R08:15-10:05
9M4R    4 M09:15-11:05   R09:15-11:05
AM4R    4 M10:15-12:05   R10:15-12:05
1M4R    4 M13:40-15:30   R13:40-15:30
2M4R    4 M14:40-16:30   R14:40-16:30
8T4R    4 T08:15-10:05   R08:15-10:05
9T4R    4 T09:15-11:05   R09:15-11:05
AT4R    4 T10:15-12:05   R10:15-12:05
BT4R    4 T11:15-13:05   R11:15-13:05
CT4R    4 T12:40-14:30   R12:40-14:30
1T4R    4 T13:40-15:30   R13:40-15:30
2T4R    4 T14:40-16:30   R14:40-16:30
8T4F    4 T08:15-10:05   F08:15-10:05
9T4F    4 T09:15-11:05   F09:15-11:05
AT4F    4 T10:15-12:05   F10:15-12:05
BT4F    4 T11:15-13:05   F11:15-13:05
CT4F    4 T12:40-14:30   F12:40-14:30
1T4F    4 T13:40-15:30   F13:40-15:30
2T4F    4 T14:40-16:30   F14:40-16:30
8W4F    4 W08:15-10:05   F08:15-10:05
9W4F    4 W09:15-11:05   F09:15-11:05
AW4F    4 W10:15-12:05   F10:15-12:05
1W4F    4 W13:40-15:30   F13:40-15:30
2W4F    4 W14:40-16:30   F14:40-16:30
8X4F    4 M08:00-08:50   T08:00-08:50   W08:00-08:50   R08:00-08:50
9X4F    4 M09:15-10:05   T09:15-10:05   W09:15-10:05   R09:15-10:05
AX4F    4 M10:15-11:05   T10:15-11:05   W10:15-11:05   R10:15-11:05
BX4F    4 M11:15-12:05   T11:15-12:05   W11:15-12:05   R11:15-12:05
1X4F    4 M13:40-14:30   T13:40-14:30   W13:40-14:30   R13:40-14:30
2X4F    4 M14:40-15:30   T14:40-15:30   W14:40-15:30   R14:40-15:30
3X4F    4 M15:40-16:30   T15:40-16:30   W15:40-16:30   R15:40-16:30
8X4T    4 M08:00-08:50   W08:00-08:50   R08:00-08:50   F08:00-08:50
9X4T    4 M09:15-10:05   W09:15-10:05   R09:15-10:05   F09:15-10:05
AX4T    4 M10:15-11:05   W10:15-11:05   R10:15-11:05   F10:15-11:05
BX4T    4 M11:15-12:05   W11:15-12:05   R11:15-12:05   F11:15-12:05
1X4T    4 M13:40-14:30   W13:40-14:30   R13:40-14:30   F13:40-14:30
2X4T    4 M14:40-15:30   W14:40-15:30   R14:40-15:30   F14:40-15:30
3X4T    4 M15:40-16:30   W15:40-16:30   R15:40-16:30   F15:40-16:30
8X4W    4 M08:00-08:50   T08:00-08:50   R08:00-08:50   F08:00-08:50
9X4W    4 M09:15-10:05   T09:15-10:05   R09:15-10:05   F09:15-10:05
AX4W    4 M10:15-11:05   T10:15-11:05   R10:15-11:05   F10:15-11:05
BX4W    4 M11:15-12:05   T11:15-12:05   R11:15-12:05   F11:15-12:05
1X4W    4 M13:40-14:30   T13:40-14:30   R13:40-14:30   F13:40-14:30
2X4W    4 M14:40-15:30   T14:40-15:30   R14:40-15:30   F14:40-15:30
3X4W    4 M15:40-16:30   T15:40-16:30   R15:40-16:30   F15:40-16:30
8X4R    4 M08:00-08:50   T08:00-08:50   W08:00-08:50   F08:00-08:50
9X4R    4 M09:15-10:05   T09:15-10:05   W09:15-10:05   F09:15-10:05
AX4R    4 M10:15-11:05   T10:15-11:05   W10:15-11:05   F10:15-11:05
BX4R    4 M11:15-12:05   T11:15-12:05   W11:15-12:05   F11:15-12:05
1X4R    4 M13:40-14:30   T13:40-14:30   W13:40-14:30   F13:40-14:30
2X4R    4 M14:40-15:30   T14:40-15:30   W14:40-15:30   F14:40-15:30
3X4R    4 M15:40-16:30   T15:40-16:30   W15:40-16:30   F15:40-16:30
8X4M    4 T08:00-08:50   W08:00-08:50   R08:00-08:50   F08:00-08:50
9X4M    4 T09:15-10:05   W09:15-10:05   R09:15-10:05   F09:15-10:05
AX4M    4 T10:15-11:05   W10:15-11:05   R10:15-11:05   F10:15-11:05
BX4M    4 T11:15-12:05   W11:15-12:05   R11:15-12:05   F11:15-12:05
1X4M    4 T13:40-14:30   W13:40-14:30   R13:40-14:30   F13:40-14:30
2X4M    4 T14:40-15:30   W14:40-15:30   R14:40-15:30   F14:40-15:30
3X4M    4 T15:40-16:30   W15:40-16:30   R15:40-16:30   F15:40-16:30
E4M1    1 M16:40-17:30
E5M1    1 M17:00-17:50
E6M1    1 M18:30-19:20
E7M1    1 M19:30-20:20
E8M1    1 M20:30-21:20
E9M1    1 M21:30-22:20
E4T1    1 T16:40-17:30
E5T1    1 T17:00-17:50
E6T1    1 T18:30-19:20
E7T1    1 T19:30-20:20
E8T1    1 T20:30-21:20
E9T1    1 T21:30-22:20
E4W1    1 W16:40-17:30
E5W1    1 W17:00-17:50
E6W1    1 W18:30-19:20
E7W1    1 W19:30-20:20
E8W1    1 W20:30-21:20
E9W1    1 W21:30-22:20
E4R1    1 R16:40-17:30
E5R1    1 R17:00-17:50
E6R1    1 R18:30-19:20
E7R1    1 R19:30-20:20
E8R1    1 R20:30-21:20
E9R1    1 R21:30-22:20
E4F1    1 F16:40-17:30
E5F1    1 F17:00-17:50
E6F1    1 F18:30-19:20
E7F1    1 F19:30-20:20
E8F1    1 F20:30-21:20
E9F1    1 F21:30-22:20
E4M2    2 M16:00-17:50
E5M2    2 M17:00-18:50
E6M2    2 M18:30-20:20
E7M2    2 M19:30-21:20
E8M2    2 M20:30-22:20
E4T2    2 T16:00-17:50
E5T2    2 T17:00-18:50
E6T2    2 T18:30-20:20
E7T2    2 T19:30-21:20
E8T2    2 T20:30-22:20
E4W2    2 W16:00-17:50
E5W2    2 W17:00-18:50
E6W2    2 W18:30-20:20
E7W2    2 W19:30-21:20
E8W2    2 W20:30-22:20
E4R2    2 R16:00-17:50
E5R2    2 R17:00-18:50
E6R2    2 R18:30-20:20
E7R2    2 R19:30-21:20
E8R2    2 R20:30-22:20
E4F2    2 F16:00-17:50
E5F2    2 F17:00-18:50
E6F2    2 F18:30-20:20
E7F2    2 F19:30-21:20
E8F2    2 F20:30-22:20
E4MJ    2 M16:40-17:30   W16:40-17:30
E5MJ    2 M17:00-17:50   W17:00-17:50
E5QW    2 M17:30-18:20   W17:30-18:20
E6MJ    2 M18:30-19:20   W18:30-19:20
E7MJ    2 M19:30-20:20   W19:30-20:20
E8MJ    2 M20:30-21:20   W20:30-21:20
E9MJ    2 M21:30-22:20   W21:30-22:20
E4TJ    2 T16:40-17:30   R16:40-17:30
E5TJ    2 T17:00-17:50   R17:00-17:50
E5QR    2 T17:30-18:20   R17:30-18:20
E6TJ    2 T18:30-19:20   R18:30-19:20
E7TJ    2 T19:30-20:20   R19:30-20:20
E8TJ    2 T20:30-21:20   R20:30-21:20
E9TR    2 T21:30-22:20   R21:30-22:20
E4M3    3 M16:30-19:00
E7M3    3 M19:10-21:40
E4T3    3 T16:30-19:00
E7T3    3 T19:10-21:40
E4W3    3 W16:30-19:00
E7W3    3 W19:10-21:40
E4R3    3 R16:30-19:00
E7R3    3 R19:10-21:40
E4F3    3 F16:30-19:00
E7F3    3 F19:10-21:40
E4M3    3 M16:30-19:20
E5M3    3 M17:30-20:20
E6M3    3 M18:30-21:20
E7M3    3 M19:30-22:20
E4T3    3 T16:30-19:20
E5T3    3 T17:30-20:20
E6T3    3 T18:30-21:20
E7T3    3 T19:30-22:20
E4W3    3 W16:30-19:20
E5W3    3 W17:30-20:20
E6W3    3 W18:30-21:20
E7W3    3 W19:30-22:20
E4R3    3 R16:30-19:20
E5R3    3 R17:30-20:20
E6R3    3 R18:30-21:20
E7R3    3 R19:30-22:20
E4F3    3 F16:30-19:20
E5F3    3 F17:30-20:20
E6F3    3 F18:30-21:20
E7F3    3 F19:30-22:20
E4MB    3 M16:30-17:45   W16:30-17:45
E4QW    3 M16:55-18:10   W16:55-18:10
E5MB    3 M17:00-18:15   W17:00-18:15
E6MB    3 M18:30-19:45   W18:30-19:45
E8MB    3 M20:00-21:15   W20:00-21:15
E8QW    3 M20:10-21:25   W20:10-21:25
E9MB    3 M21:30-22:45   W21:30-22:45
E4TB    3 T16:30-17:45   R16:30-17:45
E4QR    3 T16:55-18:10   R16:55-18:10
E5TB    3 T17:00-18:15   R17:00-18:15
E6TB    3 T18:30-19:45   R18:30-19:45
E8TB    3 T20:00-21:15   R20:00-21:15
E8QR    3 T20:10-21:25   R20:10-21:25
E9TB    3 T21:30-22:45   R21:30-22:45
E4M4    4 M16:00-19:20
E6M4    4 M18:30-22:20
E4T4    4 T16:00-19:20
E6T4    4 T18:30-22:20
E4W4    4 W16:00-19:20
E6W4    4 W18:30-22:20
E4R4    4 R16:00-19:20
E6R4    4 R18:30-22:20
E4F4    4 F16:00-19:20
E6F4    4 F18:30-22:20
E4QM    4 M16:00-17:40   W16:00-17:40
E4MP    4 M16:30-18:20   W16:30-18:20
E5MP    4 M17:30-19:20   W17:30-19:20
E6QM    4 M18:15-19:55   W18:15-19:55
E6MP    4 M18:30-20:20   W18:30-20:20
E7MP    4 M19:30-21:20   W19:30-21:20
E8QM    4 M20:10-21:50   W20:10-21:50
E8MP    4 M20:30-22:20   W20:30-22:20
E4QT    4 T16:00-17:40   R16:00-17:40
E4TP    4 T16:30-18:20   R16:30-18:20
E5TP    4 T17:30-19:20   R17:30-19:20
E6QT    4 T18:15-19:55   R18:15-19:55
E6TP    4 T18:30-20:20   R18:30-20:20
E7TP    4 T19:30-21:20   R19:30-21:20
E8QT    4 T20:10-21:50   R20:10-21:50
E8TP    4 T20:30-22:20   R20:30-22:20
8S2     ? S08:30-10:20
8S4     ? S08:30-12:00
8U2     ? U08:30-10:20  
8U4     ? U08:30-12:00
9S4     ? S09:00-12:40
9U4     ? U09:00-12:40
9S3     ? S09:20-12:05
9U3     ? U09:20-12:05
10S4U   ? S10:00-11:50  U10:00-11:50
10S2    ? S10:30-12:20
10U2    ? U10:30-12:20
1S3     ? S13:00-15:40
1S4     ? S13:00-16:40
1U3     ? U13:00-15:40
1U4     ? U13:00-16:40
1S6U    ? S13:00-15:40  U10:00-12:00
