This file contains any messages produced by compilers while
running configure, to aid debugging if configure makes a mistake.

It was created by arcsim configure 0.3, which was
generated by GNU Autoconf 2.59.  Invocation command line was

  $ ./configure 

## --------- ##
## Platform. ##
## --------- ##

hostname = babbage
uname -m = sun4u
uname -r = 5.8
uname -s = SunOS
uname -v = Generic_108528-20

/usr/bin/uname -p = sparc
/bin/uname -X     = System = SunOS
Node = babbage
Release = 5.8
KernelID = Generic_108528-20
Machine = sun4u
BusType = <unknown>
Serial = <unknown>
Users = <unknown>
OEM# = 0
Origin# = 1
NumCPU = 1

/bin/arch              = sun4
/usr/bin/arch -k       = sun4u
/usr/convex/getsysinfo = unknown
hostinfo               = unknown
/bin/machine           = unknown
/usr/bin/oslevel       = unknown
/bin/universe          = unknown

PATH: /home/vickery/bin
PATH: /usr/local/bin
PATH: /app/gnu/bin
PATH: /usr/bin
PATH: /bin
PATH: /usr/local/sbin
PATH: /usr/sbin
PATH: /sbin
PATH: /usr/openwin/bin
PATH: /opt/office60/english/program


## ----------- ##
## Core tests. ##
## ----------- ##

configure:1312: checking for a BSD-compatible install
configure:1367: result: ./install-sh -c
configure:1378: checking whether build environment is sane
configure:1421: result: yes
configure:1454: checking for gawk
configure:1483: result: no
configure:1454: checking for mawk
configure:1483: result: no
configure:1454: checking for nawk
configure:1470: found /usr/bin/nawk
configure:1480: result: nawk
configure:1490: checking whether make sets $(MAKE)
configure:1510: result: yes
configure:1775: checking for C compiler version
configure:1778: gcc --version </dev/null >&5
2.95.2
configure:1781: $? = 0
configure:1783: gcc -v </dev/null >&5
Reading specs from /app/gnu/lib/gcc-lib/sparc-sun-solaris2.7/2.95.2/specs
gcc version 2.95.2 19991024 (release)
configure:1786: $? = 0
configure:1788: gcc -V </dev/null >&5
gcc: argument to `-V' is missing
configure:1791: $? = 1
configure:1814: checking for C compiler default output file name
configure:1817: gcc -Wall -g   conftest.c  >&5
configure:1820: $? = 0
configure:1866: result: a.out
configure:1871: checking whether the C compiler works
configure:1877: ./a.out
configure:1880: $? = 0
configure:1897: result: yes
configure:1904: checking whether we are cross compiling
configure:1906: result: no
configure:1909: checking for suffix of executables
configure:1911: gcc -o conftest -Wall -g   conftest.c  >&5
configure:1914: $? = 0
configure:1939: result: 
configure:1945: checking for suffix of object files
configure:1966: gcc -c -Wall -g  conftest.c >&5
configure:1969: $? = 0
configure:1991: result: o
configure:1995: checking whether we are using the GNU C compiler
configure:2019: gcc -c -Wall -g  conftest.c >&5
configure:2025: $? = 0
configure:2028: test -z 			 || test ! -s conftest.err
configure:2031: $? = 0
configure:2034: test -s conftest.o
configure:2037: $? = 0
configure:2050: result: yes
configure:2056: checking whether gcc accepts -g
configure:2077: gcc -c -g  conftest.c >&5
configure:2083: $? = 0
configure:2086: test -z 			 || test ! -s conftest.err
configure:2089: $? = 0
configure:2092: test -s conftest.o
configure:2095: $? = 0
configure:2106: result: yes
configure:2123: checking for gcc option to accept ANSI C
configure:2193: gcc  -c -Wall -g  conftest.c >&5
configure:2199: $? = 0
configure:2202: test -z 			 || test ! -s conftest.err
configure:2205: $? = 0
configure:2208: test -s conftest.o
configure:2211: $? = 0
configure:2229: result: none needed
configure:2247: gcc -c -Wall -g  conftest.c >&5
conftest.c:2: parse error before `me'
configure:2253: $? = 1
configure: failed program was:
| #ifndef __cplusplus
|   choke me
| #endif
configure:2394: checking for style of include used by make
configure:2422: result: GNU
configure:2450: checking dependency style of gcc
configure:2533: result: gcc
configure:2563: checking for a BSD-compatible install
configure:2618: result: ./install-sh -c
configure:2632: checking size of int
configure:2657: gcc -c -Wall -g  conftest.c >&5
configure:2663: $? = 0
configure:2666: test -z 			 || test ! -s conftest.err
configure:2669: $? = 0
configure:2672: test -s conftest.o
configure:2675: $? = 0
configure:2694: result: 4
configure:2702: checking size of long
configure:2727: gcc -c -Wall -g  conftest.c >&5
configure:2733: $? = 0
configure:2736: test -z 			 || test ! -s conftest.err
configure:2739: $? = 0
configure:2742: test -s conftest.o
configure:2745: $? = 0
configure:2764: result: 4
configure:2774: checking whether byte ordering is bigendian
configure:2801: gcc -c -Wall -g  conftest.c >&5
conftest.c: In function `main':
conftest.c:20: `bogus' undeclared (first use in this function)
conftest.c:20: (Each undeclared identifier is reported only once
conftest.c:20: for each function it appears in.)
conftest.c:20: parse error before `endian'
configure:2807: $? = 1
configure: failed program was:
| /* confdefs.h.  */
| 
| #define PACKAGE_NAME "arcsim"
| #define PACKAGE_TARNAME "arcsim"
| #define PACKAGE_VERSION "0.3"
| #define PACKAGE_STRING "arcsim 0.3"
| #define PACKAGE_BUGREPORT ""
| #define PACKAGE "arcsim"
| #define VERSION "0.3"
| #define SIZEOF_INT 4
| #define SIZEOF_LONG 4
| /* end confdefs.h.  */
| #include <sys/types.h>
| #include <sys/param.h>
| int
| main ()
| {
| 
| #if !BYTE_ORDER || !BIG_ENDIAN || !LITTLE_ENDIAN
|  bogus endian macros
| #endif
|   ;
|   return 0;
| }
configure:2898: gcc -o conftest -Wall -g   conftest.c  >&5
conftest.c:13: warning: return-type defaults to `int'
configure:2901: $? = 0
configure:2903: ./conftest
configure:2906: $? = 1
configure: program exited with status 1
configure: failed program was:
| /* confdefs.h.  */
| 
| #define PACKAGE_NAME "arcsim"
| #define PACKAGE_TARNAME "arcsim"
| #define PACKAGE_VERSION "0.3"
| #define PACKAGE_STRING "arcsim 0.3"
| #define PACKAGE_BUGREPORT ""
| #define PACKAGE "arcsim"
| #define VERSION "0.3"
| #define SIZEOF_INT 4
| #define SIZEOF_LONG 4
| /* end confdefs.h.  */
| main () {
|   /* Are we little or big endian?  From Harbison&Steele.  */
|   union
|   {
|     long l;
|     char c[sizeof (long)];
|   } u;
|   u.l = 1;
|   exit (u.c[sizeof (long) - 1] == 1);
| }
configure:2921: result: yes
configure:3093: creating ./config.status

## ---------------------- ##
## Running config.status. ##
## ---------------------- ##

This file was extended by arcsim config.status 0.3, which was
generated by GNU Autoconf 2.59.  Invocation command line was

  CONFIG_FILES    = 
  CONFIG_HEADERS  = 
  CONFIG_LINKS    = 
  CONFIG_COMMANDS = 
  $ ./config.status 

on babbage

config.status:725: creating Makefile
config.status:725: creating include/Makefile
config.status:725: creating src/Makefile
config.status:791: creating include/config.h
config.status:1065: executing depfiles commands

## ---------------- ##
## Cache variables. ##
## ---------------- ##

ac_cv_c_bigendian=yes
ac_cv_c_compiler_gnu=yes
ac_cv_env_CC_set=set
ac_cv_env_CC_value=gcc
ac_cv_env_CFLAGS_set=set
ac_cv_env_CFLAGS_value='-Wall -g'
ac_cv_env_CPPFLAGS_set=
ac_cv_env_CPPFLAGS_value=
ac_cv_env_LDFLAGS_set=
ac_cv_env_LDFLAGS_value=
ac_cv_env_build_alias_set=
ac_cv_env_build_alias_value=
ac_cv_env_host_alias_set=
ac_cv_env_host_alias_value=
ac_cv_env_target_alias_set=
ac_cv_env_target_alias_value=
ac_cv_exeext=
ac_cv_objext=o
ac_cv_prog_AWK=nawk
ac_cv_prog_cc_g=yes
ac_cv_prog_cc_stdc=
ac_cv_prog_make_make_set=yes
ac_cv_sizeof_int=4
ac_cv_sizeof_long=4
am_cv_CC_dependencies_compiler_type=gcc

## ----------------- ##
## Output variables. ##
## ----------------- ##

ACLOCAL='${SHELL} /usr/local/apache/htdocs/courses/cs343/2004_02/Received/baumann/arcsim-0.3/missing --run aclocal-1.7'
AMDEPBACKSLASH='\'
AMDEP_FALSE='#'
AMDEP_TRUE=''
AMTAR='${SHELL} /usr/local/apache/htdocs/courses/cs343/2004_02/Received/baumann/arcsim-0.3/missing --run tar'
AUTOCONF='${SHELL} /usr/local/apache/htdocs/courses/cs343/2004_02/Received/baumann/arcsim-0.3/missing --run autoconf'
AUTOHEADER='${SHELL} /usr/local/apache/htdocs/courses/cs343/2004_02/Received/baumann/arcsim-0.3/missing --run autoheader'
AUTOMAKE='${SHELL} /usr/local/apache/htdocs/courses/cs343/2004_02/Received/baumann/arcsim-0.3/missing --run automake-1.7'
AWK='nawk'
CC='gcc'
CCDEPMODE='depmode=gcc'
CFLAGS='-g -W -Wall'
CPPFLAGS=''
CYGPATH_W='echo'
DEFS='-DHAVE_CONFIG_H'
DEPDIR='.deps'
ECHO_C=''
ECHO_N='-n'
ECHO_T=''
EXEEXT=''
INSTALL_DATA='${INSTALL} -m 644'
INSTALL_PROGRAM='${INSTALL}'
INSTALL_SCRIPT='${INSTALL}'
INSTALL_STRIP_PROGRAM='${SHELL} $(install_sh) -c -s'
LDFLAGS=''
LIBOBJS=''
LIBS=''
LTLIBOBJS=''
MAKEINFO='${SHELL} /usr/local/apache/htdocs/courses/cs343/2004_02/Received/baumann/arcsim-0.3/missing --run makeinfo'
OBJEXT='o'
PACKAGE='arcsim'
PACKAGE_BUGREPORT=''
PACKAGE_NAME='arcsim'
PACKAGE_STRING='arcsim 0.3'
PACKAGE_TARNAME='arcsim'
PACKAGE_VERSION='0.3'
PATH_SEPARATOR=':'
SET_MAKE=''
SHELL='/bin/bash'
STRIP=''
VERSION='0.3'
ac_ct_CC=''
ac_ct_STRIP=''
am__fastdepCC_FALSE=''
am__fastdepCC_TRUE='#'
am__include='include'
am__leading_dot='.'
am__quote=''
bindir='${exec_prefix}/bin'
build_alias=''
datadir='${prefix}/share'
exec_prefix='${prefix}'
host_alias=''
includedir='${prefix}/include'
infodir='${prefix}/info'
install_sh='/usr/local/apache/htdocs/courses/cs343/2004_02/Received/baumann/arcsim-0.3/install-sh'
libdir='${exec_prefix}/lib'
libexecdir='${exec_prefix}/libexec'
localstatedir='${prefix}/var'
mandir='${prefix}/man'
oldincludedir='/usr/include'
prefix='/usr/local'
program_transform_name='s,x,x,'
sbindir='${exec_prefix}/sbin'
sharedstatedir='${prefix}/com'
sysconfdir='${prefix}/etc'
target_alias=''

## ----------- ##
## confdefs.h. ##
## ----------- ##

#define BYTEORDER 4321
#define PACKAGE "arcsim"
#define PACKAGE_BUGREPORT ""
#define PACKAGE_NAME "arcsim"
#define PACKAGE_STRING "arcsim 0.3"
#define PACKAGE_TARNAME "arcsim"
#define PACKAGE_VERSION "0.3"
#define SIZEOF_INT 4
#define SIZEOF_LONG 4
#define VERSION "0.3"
#define WORDS_BIGENDIAN 1

configure: exit 0
