Using built-in specs.
Target: i686-apple-darwin11
Configured with: /private/var/tmp/llvmgcc42/llvmgcc42-2335.15~25/src/configure --disable-checking --enable-werror --prefix=/Developer/usr/llvm-gcc-4.2 --mandir=/share/man --enable-languages=c,objc,c++,obj-c++ --program-prefix=llvm- --program-transform-name=/^[cg][^.-]*$/s/$/-4.2/ --with-slibdir=/usr/lib --build=i686-apple-darwin11 --enable-llvm=/private/var/tmp/llvmgcc42/llvmgcc42-2335.15~25/dst-llvmCore/Developer/usr/local --program-prefix=i686-apple-darwin11- --host=x86_64-apple-darwin11 --target=i686-apple-darwin11 --with-gxx-include-dir=/usr/include/c++/4.2.1
Thread model: posix
gcc version 4.2.1 (Based on Apple Inc. build 5658) (LLVM build 2335.15.00)
 /Developer/usr/llvm-gcc-4.2/libexec/gcc/i686-apple-darwin11/4.2.1/cc1plus -E -quiet -v -imultilib x86_64 -D__DYNAMIC__ floating-point_analysis.cc -fPIC -mmacosx-version-min=10.7.2 -m64 -mtune=core2 -fpch-preprocess -D__private_extern__=extern -o floating-point_analysis.ii
ignoring nonexistent directory "/usr/include/c++/4.2.1/i686-apple-darwin11/x86_64"
ignoring nonexistent directory "/Developer/usr/llvm-gcc-4.2/lib/gcc/i686-apple-darwin11/4.2.1/../../../../i686-apple-darwin11/include"
#include "..." search starts here:
#include <...> search starts here:
 /usr/include/c++/4.2.1
 /usr/include/c++/4.2.1/backward
 /usr/local/include
 /Developer/usr/llvm-gcc-4.2/lib/gcc/i686-apple-darwin11/4.2.1/include
 /usr/include
 /System/Library/Frameworks (framework directory)
 /Library/Frameworks (framework directory)
End of search list.
 /Developer/usr/llvm-gcc-4.2/libexec/gcc/i686-apple-darwin11/4.2.1/cc1plus -fpreprocessed floating-point_analysis.ii -fPIC -quiet -dumpbase floating-point_analysis.cc -mmacosx-version-min=10.7.2 -m64 -mtune=core2 -auxbase floating-point_analysis -version -D__private_extern__=extern -o floating-point_analysis.s
GNU C++ version 4.2.1 (Based on Apple Inc. build 5658) (LLVM build 2335.15.00) (i686-apple-darwin11)
	compiled by GNU C version 4.2.1 (Based on Apple Inc. build 5658) (LLVM build 2335.15.00).
GGC heuristics: --param ggc-min-expand=150 --param ggc-min-heapsize=131072
Compiler executable checksum: 76574dd1d5b8332871d5e52f294fb6e5
 /Developer/usr/llvm-gcc-4.2/libexec/gcc/i686-apple-darwin11/4.2.1/as -arch x86_64 -force_cpusubtype_ALL -o floating-point_analysis.o floating-point_analysis.s
 /Developer/usr/llvm-gcc-4.2/libexec/gcc/i686-apple-darwin11/4.2.1/collect2 -dynamic -arch x86_64 -macosx_version_min 10.7.2 -weak_reference_mismatches non-weak -o floating-point_analysis -lcrt1.10.6.o -L/Developer/usr/llvm-gcc-4.2/lib/gcc/i686-apple-darwin11/4.2.1/x86_64 -L/usr/lib/gcc/i686-apple-darwin11/4.2.1/x86_64 -L/usr/lib/i686-apple-darwin11/4.2.1 -L/Developer/usr/llvm-gcc-4.2/lib/gcc/i686-apple-darwin11/4.2.1 -L/usr/lib/gcc/i686-apple-darwin11/4.2.1 -L/Developer/usr/llvm-gcc-4.2/lib/gcc/i686-apple-darwin11/4.2.1/../../.. floating-point_analysis.o -lSystem -lgcc -lSystem
